2012-11-07 01:14:09:ERROR DefaultQuartzScheduler_Worker-1 com.xiusiyan.myview.DownloadJob:53 - \var\www\index.html (The system cannot find the path specified)
java.io.FileNotFoundException: \var\www\index.html (The system cannot find the path specified)
	at java.io.FileOutputStream.open(Native Method)
	at java.io.FileOutputStream.<init>(FileOutputStream.java:212)
	at java.io.FileOutputStream.<init>(FileOutputStream.java:136)
	at java.io.FileWriter.<init>(FileWriter.java:78)
	at com.xiusiyan.myview.util.TemplateUtils.writeTxtFile(TemplateUtils.java:19)
	at com.xiusiyan.myview.DownloadJob.execute(DownloadJob.java:51)
	at org.quartz.core.JobRunShell.run(JobRunShell.java:213)
	at org.quartz.simpl.SimpleThreadPool$WorkerThread.run(SimpleThreadPool.java:557)
2012-11-07 01:14:18:ERROR DefaultQuartzScheduler_Worker-2 com.xiusiyan.myview.DownloadJob:53 - \var\www\index.html (The system cannot find the path specified)
java.io.FileNotFoundException: \var\www\index.html (The system cannot find the path specified)
	at java.io.FileOutputStream.open(Native Method)
	at java.io.FileOutputStream.<init>(FileOutputStream.java:212)
	at java.io.FileOutputStream.<init>(FileOutputStream.java:136)
	at java.io.FileWriter.<init>(FileWriter.java:78)
	at com.xiusiyan.myview.util.TemplateUtils.writeTxtFile(TemplateUtils.java:19)
	at com.xiusiyan.myview.DownloadJob.execute(DownloadJob.java:51)
	at org.quartz.core.JobRunShell.run(JobRunShell.java:213)
	at org.quartz.simpl.SimpleThreadPool$WorkerThread.run(SimpleThreadPool.java:557)
2012-11-07 01:14:28:ERROR DefaultQuartzScheduler_Worker-3 com.xiusiyan.myview.DownloadJob:53 - \var\www\index.html (The system cannot find the path specified)
java.io.FileNotFoundException: \var\www\index.html (The system cannot find the path specified)
	at java.io.FileOutputStream.open(Native Method)
	at java.io.FileOutputStream.<init>(FileOutputStream.java:212)
	at java.io.FileOutputStream.<init>(FileOutputStream.java:136)
	at java.io.FileWriter.<init>(FileWriter.java:78)
	at com.xiusiyan.myview.util.TemplateUtils.writeTxtFile(TemplateUtils.java:19)
	at com.xiusiyan.myview.DownloadJob.execute(DownloadJob.java:51)
	at org.quartz.core.JobRunShell.run(JobRunShell.java:213)
	at org.quartz.simpl.SimpleThreadPool$WorkerThread.run(SimpleThreadPool.java:557)
2012-11-07 01:14:38:ERROR DefaultQuartzScheduler_Worker-4 com.xiusiyan.myview.DownloadJob:53 - \var\www\index.html (The system cannot find the path specified)
java.io.FileNotFoundException: \var\www\index.html (The system cannot find the path specified)
	at java.io.FileOutputStream.open(Native Method)
	at java.io.FileOutputStream.<init>(FileOutputStream.java:212)
	at java.io.FileOutputStream.<init>(FileOutputStream.java:136)
	at java.io.FileWriter.<init>(FileWriter.java:78)
	at com.xiusiyan.myview.util.TemplateUtils.writeTxtFile(TemplateUtils.java:19)
	at com.xiusiyan.myview.DownloadJob.execute(DownloadJob.java:51)
	at org.quartz.core.JobRunShell.run(JobRunShell.java:213)
	at org.quartz.simpl.SimpleThreadPool$WorkerThread.run(SimpleThreadPool.java:557)
2012-11-07 01:15:13:ERROR DefaultQuartzScheduler_Worker-1 com.xiusiyan.myview.DownloadJob:53 - \var\www\index.html (The system cannot find the path specified)
java.io.FileNotFoundException: \var\www\index.html (The system cannot find the path specified)
	at java.io.FileOutputStream.open(Native Method)
	at java.io.FileOutputStream.<init>(FileOutputStream.java:212)
	at java.io.FileOutputStream.<init>(FileOutputStream.java:136)
	at java.io.FileWriter.<init>(FileWriter.java:78)
	at com.xiusiyan.myview.util.TemplateUtils.writeTxtFile(TemplateUtils.java:19)
	at com.xiusiyan.myview.DownloadJob.execute(DownloadJob.java:51)
	at org.quartz.core.JobRunShell.run(JobRunShell.java:213)
	at org.quartz.simpl.SimpleThreadPool$WorkerThread.run(SimpleThreadPool.java:557)
2012-11-07 01:15:22:ERROR DefaultQuartzScheduler_Worker-2 com.xiusiyan.myview.DownloadJob:53 - \var\www\index.html (The system cannot find the path specified)
java.io.FileNotFoundException: \var\www\index.html (The system cannot find the path specified)
	at java.io.FileOutputStream.open(Native Method)
	at java.io.FileOutputStream.<init>(FileOutputStream.java:212)
	at java.io.FileOutputStream.<init>(FileOutputStream.java:136)
	at java.io.FileWriter.<init>(FileWriter.java:78)
	at com.xiusiyan.myview.util.TemplateUtils.writeTxtFile(TemplateUtils.java:19)
	at com.xiusiyan.myview.DownloadJob.execute(DownloadJob.java:51)
	at org.quartz.core.JobRunShell.run(JobRunShell.java:213)
	at org.quartz.simpl.SimpleThreadPool$WorkerThread.run(SimpleThreadPool.java:557)
2012-11-07 01:15:32:ERROR DefaultQuartzScheduler_Worker-3 com.xiusiyan.myview.DownloadJob:53 - \var\www\index.html (The system cannot find the path specified)
java.io.FileNotFoundException: \var\www\index.html (The system cannot find the path specified)
	at java.io.FileOutputStream.open(Native Method)
	at java.io.FileOutputStream.<init>(FileOutputStream.java:212)
	at java.io.FileOutputStream.<init>(FileOutputStream.java:136)
	at java.io.FileWriter.<init>(FileWriter.java:78)
	at com.xiusiyan.myview.util.TemplateUtils.writeTxtFile(TemplateUtils.java:19)
	at com.xiusiyan.myview.DownloadJob.execute(DownloadJob.java:51)
	at org.quartz.core.JobRunShell.run(JobRunShell.java:213)
	at org.quartz.simpl.SimpleThreadPool$WorkerThread.run(SimpleThreadPool.java:557)
2012-11-07 01:15:42:ERROR DefaultQuartzScheduler_Worker-4 com.xiusiyan.myview.DownloadJob:53 - \var\www\index.html (The system cannot find the path specified)
java.io.FileNotFoundException: \var\www\index.html (The system cannot find the path specified)
	at java.io.FileOutputStream.open(Native Method)
	at java.io.FileOutputStream.<init>(FileOutputStream.java:212)
	at java.io.FileOutputStream.<init>(FileOutputStream.java:136)
	at java.io.FileWriter.<init>(FileWriter.java:78)
	at com.xiusiyan.myview.util.TemplateUtils.writeTxtFile(TemplateUtils.java:19)
	at com.xiusiyan.myview.DownloadJob.execute(DownloadJob.java:51)
	at org.quartz.core.JobRunShell.run(JobRunShell.java:213)
	at org.quartz.simpl.SimpleThreadPool$WorkerThread.run(SimpleThreadPool.java:557)
2012-11-07 01:15:52:ERROR DefaultQuartzScheduler_Worker-5 com.xiusiyan.myview.DownloadJob:53 - \var\www\index.html (The system cannot find the path specified)
java.io.FileNotFoundException: \var\www\index.html (The system cannot find the path specified)
	at java.io.FileOutputStream.open(Native Method)
	at java.io.FileOutputStream.<init>(FileOutputStream.java:212)
	at java.io.FileOutputStream.<init>(FileOutputStream.java:136)
	at java.io.FileWriter.<init>(FileWriter.java:78)
	at com.xiusiyan.myview.util.TemplateUtils.writeTxtFile(TemplateUtils.java:19)
	at com.xiusiyan.myview.DownloadJob.execute(DownloadJob.java:51)
	at org.quartz.core.JobRunShell.run(JobRunShell.java:213)
	at org.quartz.simpl.SimpleThreadPool$WorkerThread.run(SimpleThreadPool.java:557)
2012-11-07 01:16:02:ERROR DefaultQuartzScheduler_Worker-6 com.xiusiyan.myview.DownloadJob:53 - \var\www\index.html (The system cannot find the path specified)
java.io.FileNotFoundException: \var\www\index.html (The system cannot find the path specified)
	at java.io.FileOutputStream.open(Native Method)
	at java.io.FileOutputStream.<init>(FileOutputStream.java:212)
	at java.io.FileOutputStream.<init>(FileOutputStream.java:136)
	at java.io.FileWriter.<init>(FileWriter.java:78)
	at com.xiusiyan.myview.util.TemplateUtils.writeTxtFile(TemplateUtils.java:19)
	at com.xiusiyan.myview.DownloadJob.execute(DownloadJob.java:51)
	at org.quartz.core.JobRunShell.run(JobRunShell.java:213)
	at org.quartz.simpl.SimpleThreadPool$WorkerThread.run(SimpleThreadPool.java:557)
